<?xml version="1.0" encoding="UTF-8"?>
<!-- Generated by org.testng.reporters.JUnitReportReporter -->
<testsuite hostname="LAPTOP-PCTUVURQ" failures="0" tests="1" name="calculator.StringCalculatorShould" time="0.009" errors="0" timestamp="2021-10-18T11:30:28 IST" skipped="0">
  <testcase classname="calculator.StringCalculatorShould" name="empty_string_should_return_0" time="0.009"/>
  <system-out/>
</testsuite> <!-- calculator.StringCalculatorShould -->
